[2014-03-04 06:49:34,652][WARN ][transport.netty          ] [Quicksand] exception caught on transport layer [[id: 0x7f1f20ad]], closing connection
java.net.NoRouteToHostException: No route to host: no further information
	at sun.nio.ch.SocketChannelImpl.checkConnect(Native Method)
	at sun.nio.ch.SocketChannelImpl.finishConnect(Unknown Source)
	at org.elasticsearch.common.netty.channel.socket.nio.NioClientBoss.connect(NioClientBoss.java:150)
	at org.elasticsearch.common.netty.channel.socket.nio.NioClientBoss.processSelectedKeys(NioClientBoss.java:105)
	at org.elasticsearch.common.netty.channel.socket.nio.NioClientBoss.process(NioClientBoss.java:79)
	at org.elasticsearch.common.netty.channel.socket.nio.AbstractNioSelector.run(AbstractNioSelector.java:318)
	at org.elasticsearch.common.netty.channel.socket.nio.NioClientBoss.run(NioClientBoss.java:42)
	at org.elasticsearch.common.netty.util.ThreadRenamingRunnable.run(ThreadRenamingRunnable.java:108)
	at org.elasticsearch.common.netty.util.internal.DeadLockProofWorker$1.run(DeadLockProofWorker.java:42)
	at java.util.concurrent.ThreadPoolExecutor.runWorker(Unknown Source)
	at java.util.concurrent.ThreadPoolExecutor$Worker.run(Unknown Source)
	at java.lang.Thread.run(Unknown Source)
[2014-03-04 06:49:34,985][WARN ][transport.netty          ] [Quicksand] exception caught on transport layer [[id: 0x89eee57e]], closing connection
java.net.NoRouteToHostException: No route to host: no further information
	at sun.nio.ch.SocketChannelImpl.checkConnect(Native Method)
	at sun.nio.ch.SocketChannelImpl.finishConnect(Unknown Source)
	at org.elasticsearch.common.netty.channel.socket.nio.NioClientBoss.connect(NioClientBoss.java:150)
	at org.elasticsearch.common.netty.channel.socket.nio.NioClientBoss.processSelectedKeys(NioClientBoss.java:105)
	at org.elasticsearch.common.netty.channel.socket.nio.NioClientBoss.process(NioClientBoss.java:79)
	at org.elasticsearch.common.netty.channel.socket.nio.AbstractNioSelector.run(AbstractNioSelector.java:318)
	at org.elasticsearch.common.netty.channel.socket.nio.NioClientBoss.run(NioClientBoss.java:42)
	at org.elasticsearch.common.netty.util.ThreadRenamingRunnable.run(ThreadRenamingRunnable.java:108)
	at org.elasticsearch.common.netty.util.internal.DeadLockProofWorker$1.run(DeadLockProofWorker.java:42)
	at java.util.concurrent.ThreadPoolExecutor.runWorker(Unknown Source)
	at java.util.concurrent.ThreadPoolExecutor$Worker.run(Unknown Source)
	at java.lang.Thread.run(Unknown Source)
[2014-03-04 06:49:34,991][WARN ][transport.netty          ] [Quicksand] exception caught on transport layer [[id: 0xe5ec68b5]], closing connection
java.net.NoRouteToHostException: No route to host: no further information
	at sun.nio.ch.SocketChannelImpl.checkConnect(Native Method)
	at sun.nio.ch.SocketChannelImpl.finishConnect(Unknown Source)
	at org.elasticsearch.common.netty.channel.socket.nio.NioClientBoss.connect(NioClientBoss.java:150)
	at org.elasticsearch.common.netty.channel.socket.nio.NioClientBoss.processSelectedKeys(NioClientBoss.java:105)
	at org.elasticsearch.common.netty.channel.socket.nio.NioClientBoss.process(NioClientBoss.java:79)
	at org.elasticsearch.common.netty.channel.socket.nio.AbstractNioSelector.run(AbstractNioSelector.java:318)
	at org.elasticsearch.common.netty.channel.socket.nio.NioClientBoss.run(NioClientBoss.java:42)
	at org.elasticsearch.common.netty.util.ThreadRenamingRunnable.run(ThreadRenamingRunnable.java:108)
	at org.elasticsearch.common.netty.util.internal.DeadLockProofWorker$1.run(DeadLockProofWorker.java:42)
	at java.util.concurrent.ThreadPoolExecutor.runWorker(Unknown Source)
	at java.util.concurrent.ThreadPoolExecutor$Worker.run(Unknown Source)
	at java.lang.Thread.run(Unknown Source)
[2014-03-04 18:48:21,984][WARN ][bootstrap                ] jvm uses the client vm, make sure to run `java` with the server vm for best performance by adding `-server` to the command line
[2014-03-04 18:48:22,061][INFO ][node                     ] [Triathlon] version[1.0.1], pid[6424], build[5c03844/2014-02-25T15:52:53Z]
[2014-03-04 18:48:22,061][INFO ][node                     ] [Triathlon] initializing ...
[2014-03-04 18:48:22,064][INFO ][plugins                  ] [Triathlon] loaded [], sites []
[2014-03-04 18:48:24,242][INFO ][node                     ] [Triathlon] initialized
[2014-03-04 18:48:24,242][INFO ][node                     ] [Triathlon] starting ...
[2014-03-04 18:48:24,707][INFO ][transport                ] [Triathlon] bound_address {inet[/0:0:0:0:0:0:0:0:9300]}, publish_address {inet[/169.254.80.80:9300]}
[2014-03-04 18:48:28,385][INFO ][cluster.service          ] [Triathlon] new_master [Triathlon][W0dyge7kRPisi8BHVEl5xg][Eriks-Desktop][inet[/169.254.80.80:9300]], reason: zen-disco-join (elected_as_master)
[2014-03-04 18:48:28,419][INFO ][discovery                ] [Triathlon] elasticsearch/W0dyge7kRPisi8BHVEl5xg
[2014-03-04 18:48:28,808][INFO ][http                     ] [Triathlon] bound_address {inet[/0:0:0:0:0:0:0:0:9200]}, publish_address {inet[/169.254.80.80:9200]}
[2014-03-04 18:48:28,877][INFO ][gateway                  ] [Triathlon] recovered [1] indices into cluster_state
[2014-03-04 18:48:28,879][INFO ][node                     ] [Triathlon] started
